<?xml version="1.0" encoding="UTF-8"?>
<testsuite xmlns:xsi="http://www.w3.org/2001/XMLSchema-instance" xsi:noNamespaceSchemaLocation="https://maven.apache.org/surefire/maven-surefire-plugin/xsd/surefire-test-report.xsd" name="com.mkyong.WelcomeControllerTest" time="12.32" tests="2" errors="0" skipped="0" failures="0">
  <properties>
[...]
</properties>
  <testcase name="main" classname="com.mkyong.WelcomeControllerTest" time="3.619"/>
  <testcase name="hello" classname="com.mkyong.WelcomeControllerTest" time="0.047"/>
</testsuite>